<?xml version="1.0" encoding="UTF-8"?>
<testng-results skipped="0" failed="0" ignored="0" total="1" passed="1">
  <reporter-output>
  </reporter-output>
  <suite name="com.dd.pagetests.HomePageTest" duration-ms="56" started-at="2018-07-22T10:03:16Z" finished-at="2018-07-22T10:03:17Z">
    <groups>
    </groups>
    <test name="Command line test" duration-ms="56" started-at="2018-07-22T10:03:16Z" finished-at="2018-07-22T10:03:17Z">
      <class name="com.dd.pagetests.HomePageTest">
        <test-method status="PASS" signature="homepageTest()[pri:0, instance:com.dd.pagetests.HomePageTest@6442b0a6]" name="homepageTest" duration-ms="12" started-at="2018-07-22T15:33:16Z" finished-at="2018-07-22T15:33:16Z">
          <reporter-output>
          </reporter-output>
        </test-method> <!-- homepageTest -->
      </class> <!-- com.dd.pagetests.HomePageTest -->
    </test> <!-- Command line test -->
  </suite> <!-- com.dd.pagetests.HomePageTest -->
</testng-results>
