<?xml version="1.0" encoding="UTF-8"?>
<testng-results skipped="0" failed="0" ignored="0" total="1" passed="1">
  <reporter-output>
  </reporter-output>
  <suite name="Default suite" duration-ms="125" started-at="2018-07-22T09:24:42Z" finished-at="2018-07-22T09:24:43Z">
    <groups>
    </groups>
    <test name="Default test" duration-ms="125" started-at="2018-07-22T09:24:42Z" finished-at="2018-07-22T09:24:43Z">
      <class name="com.dd.pagetests.HomePageTest">
        <test-method status="PASS" signature="homepageTest()[pri:0, instance:com.dd.pagetests.HomePageTest@5622fdf]" name="homepageTest" duration-ms="17" started-at="2018-07-22T09:24:43Z" finished-at="2018-07-22T09:24:43Z">
          <reporter-output>
          </reporter-output>
        </test-method> <!-- homepageTest -->
      </class> <!-- com.dd.pagetests.HomePageTest -->
    </test> <!-- Default test -->
  </suite> <!-- Default suite -->
</testng-results>
